PROGRAM
    MODULE_DECL
        ID (H)
        OPT_PARAM_LIST
            PARAM_LIST
                PARAM_DECL
                    ID (p1)
                    TYPE
                        INT
                PARAM_DECL
                    ID (p2)
                    TYPE
                        STRING
        TYPE
            BOOL
        OPT_VAR_SECT
            DECL_LIST
                DECL
                    ID_LIST
                        ID (p)
                        ID (y)
                        ID (z)
                    TYPE
                        INT
                DECL
                    ID_LIST
                        ID (veroofalso)
                    TYPE
                        BOOL
        OPT_CONST_SECT
            CONST_LIST
                CONST_DECL
                    DECL
                        ID_LIST
                            ID (MAX)
                        TYPE
                            INT
                    EXPR
                        BOOL_TERM
                            REL_TERM
                                LOW_TERM
                                    FACTOR
                                        UNARYOP
                                            MINUS
                                        FACTOR
                                            CONSTANT
                                                INTCONST (4)
                CONST_DECL
                    DECL
                        ID_LIST
                            ID (a)
                            ID (b)
                        TYPE
                            BOOL
                    EXPR
                        BOOL_TERM
                            REL_TERM
                                LOW_TERM
                                    FACTOR
                                        UNARYOP
                                            NOT
                                        FACTOR
                                            CONSTANT
                                                BOOLCONST (true)
                CONST_DECL
                    DECL
                        ID_LIST
                            ID (RR)
                        TYPE
                            CHAR
                    EXPR
                        BOOL_TERM
                            REL_TERM
                                LOW_TERM
                                    FACTOR
                                        ID (a)
        OPT_MODULE_LIST
            MODULE_DECL
                ID (f1)
                OPT_PARAM_LIST
                    PARAM_LIST
                        PARAM_DECL
                            ID (t)
                            TYPE
                                INT
                        PARAM_DECL
                            ID (r)
                            TYPE
                                INT
                TYPE
                    BOOL
                OPT_VAR_SECT
                    DECL_LIST
                        DECL
                            ID_LIST
                                ID (c)
                            TYPE
                                INT
                        DECL
                            ID_LIST
                                ID (k)
                                ID (l)
                            TYPE
                                BOOL
                MODULE_BODY
                    ID (f1)
                    STAT_LIST
                        STAT
                            RETURN_STAT
                                OPT_EXPR
                                    EXPR
                                        BOOL_TERM
                                            REL_TERM
                                                LOW_TERM
                                                    FACTOR
                                                        ID (k)
                    ID (f1)
        MODULE_BODY
            ID (H)
            STAT_LIST
                STAT
                    ASSIGN_STAT
                        ID (p)
                        EXPR
                            BOOL_TERM
                                REL_TERM
                                    LOW_TERM
                                        FACTOR
                                            EXPR
                                                BOOL_TERM
                                                    REL_TERM
                                                        LOW_TERM
                                                            FACTOR
                                                                ID (z)
                                                            LOW_TERM1
                                                                HIGH_BINOP
                                                                    AST
                                                                FACTOR
                                                                    EXPR
                                                                        BOOL_TERM
                                                                            REL_TERM
                                                                                LOW_TERM
                                                                                    FACTOR
                                                                                        ID (z)
                                                                                REL_TERM1
                                                                                    LOW_BINOP
                                                                                        PLUS
                                                                                    LOW_TERM
                                                                                        FACTOR
                                                                                            ID (p)
                                                        REL_TERM1
                                                            LOW_BINOP
                                                                MINUS
                                                            LOW_TERM
                                                                FACTOR
                                                                    EXPR
                                                                        BOOL_TERM
                                                                            REL_TERM
                                                                                LOW_TERM
                                                                                    FACTOR
                                                                                        ID (y)
                                                                                    LOW_TERM1
                                                                                        HIGH_BINOP
                                                                                            AST
                                                                                        FACTOR
                                                                                            ID (y)
                STAT
                    ASSIGN_STAT
                        ID (p1)
                        EXPR
                            BOOL_TERM
                                REL_TERM
                                    LOW_TERM
                                        FACTOR
                                            ID (z)
                                    REL_TERM1
                                        LOW_BINOP
                                            MINUS
                                        LOW_TERM
                                            FACTOR
                                                UNARYOP
                                                    MINUS
                                                FACTOR
                                                    ID (z)
                STAT
                    ASSIGN_STAT
                        ID (p)
                        EXPR
                            BOOL_TERM
                                REL_TERM
                                    LOW_TERM
                                        FACTOR
                                            CONSTANT
                                                INTCONST (8)
                STAT
                    ASSIGN_STAT
                        ID (p)
                        EXPR
                            BOOL_TERM
                                REL_TERM
                                    LOW_TERM
                                        FACTOR
                                            COND_EXPR
                                                EXPR
                                                    BOOL_TERM
                                                        REL_TERM
                                                            LOW_TERM
                                                                FACTOR
                                                                    MODULE_CALL
                                                                        ID (f1)
                                                                        OPT_EXPR_LIST
                                                                            EXPR_LIST
                                                                                EXPR
                                                                                    BOOL_TERM
                                                                                        REL_TERM
                                                                                            LOW_TERM
                                                                                                FACTOR
                                                                                                    ID (z)
                                                                                EXPR
                                                                                    BOOL_TERM
                                                                                        REL_TERM
                                                                                            LOW_TERM
                                                                                                FACTOR
                                                                                                    ID (z)
                                                EXPR
                                                    BOOL_TERM
                                                        REL_TERM
                                                            LOW_TERM
                                                                FACTOR
                                                                    ID (y)
                                                            REL_TERM1
                                                                LOW_BINOP
                                                                    PLUS
                                                                LOW_TERM
                                                                    FACTOR
                                                                        ID (z)
                                                OPT_ELSEIF_EXPR_LIST
                                                    EXPR
                                                        BOOL_TERM
                                                            REL_TERM
                                                                LOW_TERM
                                                                    FACTOR
                                                                        EXPR
                                                                            BOOL_TERM
                                                                                REL_TERM
                                                                                    LOW_TERM
                                                                                        FACTOR
                                                                                            ID (z)
                                                                                RELOP
                                                                                    GT
                                                                                REL_TERM
                                                                                    LOW_TERM
                                                                                        FACTOR
                                                                                            ID (p)
                                                                            EXPR1
                                                                                BOOLOP
                                                                                    AND
                                                                                BOOL_TERM
                                                                                    REL_TERM
                                                                                        LOW_TERM
                                                                                            FACTOR
                                                                                                ID (p)
                                                                                    RELOP
                                                                                        GT
                                                                                    REL_TERM
                                                                                        LOW_TERM
                                                                                            FACTOR
                                                                                                ID (z)
                                                    EXPR
                                                        BOOL_TERM
                                                            REL_TERM
                                                                LOW_TERM
                                                                    FACTOR
                                                                        EXPR
                                                                            BOOL_TERM
                                                                                REL_TERM
                                                                                    LOW_TERM
                                                                                        FACTOR
                                                                                            ID (p)
                                                    OPT_ELSEIF_EXPR_LIST
                                                        EXPR
                                                            BOOL_TERM
                                                                REL_TERM
                                                                    LOW_TERM
                                                                        FACTOR
                                                                            ID (a)
                                                        EXPR
                                                            BOOL_TERM
                                                                REL_TERM
                                                                    LOW_TERM
                                                                        FACTOR
                                                                            ID (p)
                                                EXPR
                                                    BOOL_TERM
                                                        REL_TERM
                                                            LOW_TERM
                                                                FACTOR
                                                                    ID (p)
                STAT
                    ASSIGN_STAT
                        ID (veroofalso)
                        EXPR
                            BOOL_TERM
                                REL_TERM
                                    LOW_TERM
                                        FACTOR
                                            ID (a)
                STAT
                    ASSIGN_STAT
                        ID (veroofalso)
                        EXPR
                            BOOL_TERM
                                REL_TERM
                                    LOW_TERM
                                        FACTOR
                                            ID (a)
                            EXPR1
                                BOOLOP
                                    AND
                                BOOL_TERM
                                    REL_TERM
                                        LOW_TERM
                                            FACTOR
                                                MODULE_CALL
                                                    ID (f1)
                                                    OPT_EXPR_LIST
                                                        EXPR_LIST
                                                            EXPR
                                                                BOOL_TERM
                                                                    REL_TERM
                                                                        LOW_TERM
                                                                            FACTOR
                                                                                ID (z)
                                                            EXPR
                                                                BOOL_TERM
                                                                    REL_TERM
                                                                        LOW_TERM
                                                                            FACTOR
                                                                                ID (z)
                STAT
                    RETURN_STAT
                        OPT_EXPR
                            EXPR
                                BOOL_TERM
                                    REL_TERM
                                        LOW_TERM
                                            FACTOR
                                                MODULE_CALL
                                                    ID (f1)
                                                    OPT_EXPR_LIST
                                                        EXPR_LIST
                                                            EXPR
                                                                BOOL_TERM
                                                                    REL_TERM
                                                                        LOW_TERM
                                                                            FACTOR
                                                                                ID (z)
                                                            EXPR
                                                                BOOL_TERM
                                                                    REL_TERM
                                                                        LOW_TERM
                                                                            FACTOR
                                                                                ID (z)
            ID (H)
