MOD 0
NEW 4
NEW 4
NEW 4
NEW 4
NEW 4
NEW 4
NEW 4
NEW 4
NEW 8
NEW 4
NEW 4
NEW 1
LDI 4
STO 0 11
LOD 0 8
JMF 9
LDI 6
LDI 1
IADD
LDI 7
LDI 1
IADD
IGT
JMP 2
LDI 0
JMF 3
LDI 1
JMP 2
LOD 0 7
STO 0 12
LDC 'a'
STO 0 13
MOD 1
NEW 4
NEW 4
NEW 4
PUSH 2 15 2
	 GOTO 0
POP
STO 0 6
LOD 0 11
RETURN
LOD 0 7
JMF 7
LDI 8
LDI 3
LDI 1
IMUL
IADD
JMP 8
LDI 9
LDI 1
LDI 1
LDI 1
IADD
IADD
IADD
STO 0 2
LOD 0 7
JMF 17
PUSH 2 5 0
	 GOTO 33
POP
STO 0 2
LOD 0 7
JMF 3
LDI 0
JMP 2
LDI 0
STO 0 6
LOD 0 7
JMF 4
LDI 8
STO 0 2
JMP 1
JMP 1
LOD 0 7
JMF 10
LDI 8
STO 0 2
LOD 0 7
JMF 3
LDI 0
JMP 2
LDI 0
STO 0 6
JMP 10
LDI 0
RETURN
